<?xml version="1.0" encoding="UTF-8"?>
<!-- Generated by org.testng.reporters.JUnitXMLReporter -->
<testsuite ignored="2" hostname="INBENKARSELVAN1" failures="0" tests="4" name="Test" time="56.126" errors="0" timestamp="2022-05-31T05:42:37 IST">
  <testcase classname="com.automation.tests.BookFlight2" name="Test_BookFlight_3" time="10.982"/>
  <testcase classname="com.automation.tests.BookFlight2" name="Test_BookFlight_4" time="11.182"/>
  <testcase classname="com.automation.tests.BookFlight" name="Test_BookFlight_1" time="11.071"/>
  <testcase classname="com.automation.tests.BookFlight" name="Test_BookFlight_2" time="11.159"/>
  <testcase classname="com.automation.utility.Base" name="@BeforeSuite InitializeReport" time="0.0">
    <ignored/>
  </testcase> <!-- @BeforeSuite InitializeReport -->
  <testcase classname="com.automation.tests.BookFlight" name="@AfterSuite GenerateReport" time="0.0">
    <ignored/>
  </testcase> <!-- @AfterSuite GenerateReport -->
</testsuite> <!-- Test -->
