<?xml version="1.0" encoding="UTF-8"?>
<testsuite xmlns:xsi="http://www.w3.org/2001/XMLSchema-instance" xsi:noNamespaceSchemaLocation="https://maven.apache.org/surefire/maven-surefire-plugin/xsd/surefire-test-report-3.0.xsd" version="3.0" name="TestSuite" time="56.976" tests="4" errors="0" skipped="0" failures="0">
  <properties>
[...]
</properties>
  <testcase name="Test_BookFlight_3[Test_BookFlight_3, Test_BookFlight_3, 1, Boston, Cairo, Airline, Aer Lingus, Test, Test, Test, Test, 411001.0, Visa, 1234123412341230, 12.0, 2022.0, Test](1)" classname="com.automation.tests.BookFlight2" time="10.982">
    <system-out><![CDATA[ChromeDriver: chrome on WINDOWS (65eeee2182c8dff7a9f55cfc84a12a10)
]]></system-out>
    <system-err><![CDATA[SLF4J: Failed to load class "org.slf4j.impl.StaticLoggerBinder".
SLF4J: Defaulting to no-operation (NOP) logger implementation
SLF4J: See http://www.slf4j.org/codes.html#StaticLoggerBinder for further details.
Starting ChromeDriver 100.0.4896.60 (6a5d10861ce8de5fce22564658033b43cb7de047-refs/branch-heads/4896@{#875}) on port 48476
Only local connections are allowed.
Please see https://chromedriver.chromium.org/security-considerations for suggestions on keeping ChromeDriver safe.
ChromeDriver was started successfully.
[1653955903.326][WARNING]: This version of ChromeDriver has not been tested with Chrome version 101.
May 31, 2022 5:41:43 AM org.openqa.selenium.remote.ProtocolHandshake createSession
INFO: Detected dialect: W3C
]]></system-err>
  </testcase>
  <testcase name="Test_BookFlight_4[Test_BookFlight_4, Test_BookFlight_4, 1, Boston, Cairo, Airline, Aer Lingus, Test, Test, Test, Test, 411001.0, Visa, 1234123412341230, 12.0, 2022.0, Test](1)" classname="com.automation.tests.BookFlight2" time="11.182">
    <system-out><![CDATA[ChromeDriver: chrome on WINDOWS (7d9d83b6fa327180daaef133f582d93c)
]]></system-out>
    <system-err><![CDATA[Starting ChromeDriver 100.0.4896.60 (6a5d10861ce8de5fce22564658033b43cb7de047-refs/branch-heads/4896@{#875}) on port 40795
Only local connections are allowed.
Please see https://chromedriver.chromium.org/security-considerations for suggestions on keeping ChromeDriver safe.
ChromeDriver was started successfully.
[1653955916.969][WARNING]: This version of ChromeDriver has not been tested with Chrome version 101.
May 31, 2022 5:41:57 AM org.openqa.selenium.remote.ProtocolHandshake createSession
INFO: Detected dialect: W3C
]]></system-err>
  </testcase>
  <testcase name="Test_BookFlight_1[Test_BookFlight_1, Test_BookFlight_1, 1, Boston, Cairo, Airline, Aer Lingus, Test, Test, Test, Test, 411001.0, Visa, 1234123412341230, 12.0, 2022.0, Test](1)" classname="com.automation.tests.BookFlight" time="11.07">
    <system-out><![CDATA[ChromeDriver: chrome on WINDOWS (0c67ff62d87f93392060b7931b38fd29)
]]></system-out>
    <system-err><![CDATA[Starting ChromeDriver 100.0.4896.60 (6a5d10861ce8de5fce22564658033b43cb7de047-refs/branch-heads/4896@{#875}) on port 4597
Only local connections are allowed.
Please see https://chromedriver.chromium.org/security-considerations for suggestions on keeping ChromeDriver safe.
ChromeDriver was started successfully.
[1653955930.869][WARNING]: This version of ChromeDriver has not been tested with Chrome version 101.
May 31, 2022 5:42:11 AM org.openqa.selenium.remote.ProtocolHandshake createSession
INFO: Detected dialect: W3C
]]></system-err>
  </testcase>
  <testcase name="Test_BookFlight_2[Test_BookFlight_2, Test_BookFlight_2, 1, Boston, Cairo, Airline, Aer Lingus, Test, Test, Test, Test, 411001.0, Visa, 1234123412341230, 12.0, 2022.0, Test](1)" classname="com.automation.tests.BookFlight" time="11.158">
    <system-out><![CDATA[ChromeDriver: chrome on WINDOWS (e5ba1473df95bd346e57b1dc73471ad5)
]]></system-out>
    <system-err><![CDATA[Starting ChromeDriver 100.0.4896.60 (6a5d10861ce8de5fce22564658033b43cb7de047-refs/branch-heads/4896@{#875}) on port 33271
Only local connections are allowed.
Please see https://chromedriver.chromium.org/security-considerations for suggestions on keeping ChromeDriver safe.
ChromeDriver was started successfully.
[1653955944.657][WARNING]: This version of ChromeDriver has not been tested with Chrome version 101.
May 31, 2022 5:42:24 AM org.openqa.selenium.remote.ProtocolHandshake createSession
INFO: Detected dialect: W3C
]]></system-err>
  </testcase>
</testsuite>