<?xml version="1.0" encoding="UTF-8"?>
<testng-results ignored="2" total="6" passed="4" failed="0" skipped="0">
  <reporter-output>
  </reporter-output>
  <suite started-at="2022-05-31T05:41:41 IST" name="Suite" finished-at="2022-05-31T05:42:37 IST" duration-ms="56126">
    <groups>
    </groups>
    <test started-at="2022-05-31T05:41:41 IST" name="Test" finished-at="2022-05-31T05:42:37 IST" duration-ms="56126">
      <class name="com.automation.tests.BookFlight2">
        <test-method is-config="true" signature="InitializeReport()[pri:0, instance:com.automation.tests.BookFlight2@57c758ac]" started-at="2022-05-31T05:41:41 IST" name="InitializeReport" finished-at="2022-05-31T05:41:41 IST" duration-ms="117" status="PASS">
          <reporter-output>
          </reporter-output>
        </test-method> <!-- InitializeReport -->
        <test-method is-config="true" signature="Initialize()[pri:0, instance:com.automation.tests.BookFlight2@57c758ac]" started-at="2022-05-31T05:41:41 IST" name="Initialize" finished-at="2022-05-31T05:41:44 IST" duration-ms="3018" status="PASS">
          <reporter-output>
          </reporter-output>
        </test-method> <!-- Initialize -->
        <test-method signature="Test_BookFlight_3(java.lang.String,java.lang.String,java.lang.String,java.lang.String,java.lang.String,java.lang.String,java.lang.String,java.lang.String,java.lang.String,java.lang.String,java.lang.String,java.lang.String,java.lang.String,java.lang.String,java.lang.String,java.lang.String,java.lang.String)[pri:0, instance:com.automation.tests.BookFlight2@57c758ac]" started-at="2022-05-31T05:41:44 IST" name="Test_BookFlight_3" data-provider="DP_Bookflight3" finished-at="2022-05-31T05:41:55 IST" duration-ms="10982" status="PASS">
          <params>
            <param index="0">
              <value>
                <![CDATA[Test_BookFlight_3]]>
              </value>
            </param>
            <param index="1">
              <value>
                <![CDATA[Test_BookFlight_3]]>
              </value>
            </param>
            <param index="2">
              <value>
                <![CDATA[1]]>
              </value>
            </param>
            <param index="3">
              <value>
                <![CDATA[Boston]]>
              </value>
            </param>
            <param index="4">
              <value>
                <![CDATA[Cairo]]>
              </value>
            </param>
            <param index="5">
              <value>
                <![CDATA[Airline]]>
              </value>
            </param>
            <param index="6">
              <value>
                <![CDATA[Aer Lingus]]>
              </value>
            </param>
            <param index="7">
              <value>
                <![CDATA[Test]]>
              </value>
            </param>
            <param index="8">
              <value>
                <![CDATA[Test]]>
              </value>
            </param>
            <param index="9">
              <value>
                <![CDATA[Test]]>
              </value>
            </param>
            <param index="10">
              <value>
                <![CDATA[Test]]>
              </value>
            </param>
            <param index="11">
              <value>
                <![CDATA[411001.0]]>
              </value>
            </param>
            <param index="12">
              <value>
                <![CDATA[Visa]]>
              </value>
            </param>
            <param index="13">
              <value>
                <![CDATA[1234123412341230]]>
              </value>
            </param>
            <param index="14">
              <value>
                <![CDATA[12.0]]>
              </value>
            </param>
            <param index="15">
              <value>
                <![CDATA[2022.0]]>
              </value>
            </param>
            <param index="16">
              <value>
                <![CDATA[Test]]>
              </value>
            </param>
          </params>
          <reporter-output>
          </reporter-output>
        </test-method> <!-- Test_BookFlight_3 -->
        <test-method is-config="true" signature="CloseBrowser(org.testng.ITestResult)[pri:0, instance:com.automation.tests.BookFlight2@57c758ac]" started-at="2022-05-31T05:41:55 IST" name="CloseBrowser" finished-at="2022-05-31T05:41:55 IST" duration-ms="74" status="PASS">
          <params>
            <param index="0">
              <value>
                <![CDATA[[TestResult name=Test_BookFlight_3 status=SUCCESS method=BookFlight2.Test_BookFlight_3(java.lang.String,java.lang.String,java.lang.String,java.lang.String,java.lang.String,java.lang.String,java.lang.String,java.lang.String,java.lang.String,java.lang.String,java.lang.String,java.lang.String,java.lang.String,java.lang.String,java.lang.String,java.lang.String,java.lang.String)[pri:0, instance:com.automation.tests.BookFlight2@57c758ac] output={null}]]]>
              </value>
            </param>
          </params>
          <reporter-output>
          </reporter-output>
        </test-method> <!-- CloseBrowser -->
        <test-method is-config="true" signature="Initialize()[pri:0, instance:com.automation.tests.BookFlight2@57c758ac]" started-at="2022-05-31T05:41:55 IST" name="Initialize" finished-at="2022-05-31T05:41:58 IST" duration-ms="2591" status="PASS">
          <reporter-output>
          </reporter-output>
        </test-method> <!-- Initialize -->
        <test-method signature="Test_BookFlight_4(java.lang.String,java.lang.String,java.lang.String,java.lang.String,java.lang.String,java.lang.String,java.lang.String,java.lang.String,java.lang.String,java.lang.String,java.lang.String,java.lang.String,java.lang.String,java.lang.String,java.lang.String,java.lang.String,java.lang.String)[pri:0, instance:com.automation.tests.BookFlight2@57c758ac]" started-at="2022-05-31T05:41:58 IST" name="Test_BookFlight_4" data-provider="DP_Bookflight4" finished-at="2022-05-31T05:42:09 IST" duration-ms="11182" status="PASS">
          <params>
            <param index="0">
              <value>
                <![CDATA[Test_BookFlight_4]]>
              </value>
            </param>
            <param index="1">
              <value>
                <![CDATA[Test_BookFlight_4]]>
              </value>
            </param>
            <param index="2">
              <value>
                <![CDATA[1]]>
              </value>
            </param>
            <param index="3">
              <value>
                <![CDATA[Boston]]>
              </value>
            </param>
            <param index="4">
              <value>
                <![CDATA[Cairo]]>
              </value>
            </param>
            <param index="5">
              <value>
                <![CDATA[Airline]]>
              </value>
            </param>
            <param index="6">
              <value>
                <![CDATA[Aer Lingus]]>
              </value>
            </param>
            <param index="7">
              <value>
                <![CDATA[Test]]>
              </value>
            </param>
            <param index="8">
              <value>
                <![CDATA[Test]]>
              </value>
            </param>
            <param index="9">
              <value>
                <![CDATA[Test]]>
              </value>
            </param>
            <param index="10">
              <value>
                <![CDATA[Test]]>
              </value>
            </param>
            <param index="11">
              <value>
                <![CDATA[411001.0]]>
              </value>
            </param>
            <param index="12">
              <value>
                <![CDATA[Visa]]>
              </value>
            </param>
            <param index="13">
              <value>
                <![CDATA[1234123412341230]]>
              </value>
            </param>
            <param index="14">
              <value>
                <![CDATA[12.0]]>
              </value>
            </param>
            <param index="15">
              <value>
                <![CDATA[2022.0]]>
              </value>
            </param>
            <param index="16">
              <value>
                <![CDATA[Test]]>
              </value>
            </param>
          </params>
          <reporter-output>
          </reporter-output>
        </test-method> <!-- Test_BookFlight_4 -->
        <test-method is-config="true" signature="CloseBrowser(org.testng.ITestResult)[pri:0, instance:com.automation.tests.BookFlight2@57c758ac]" started-at="2022-05-31T05:42:09 IST" name="CloseBrowser" finished-at="2022-05-31T05:42:09 IST" duration-ms="73" status="PASS">
          <params>
            <param index="0">
              <value>
                <![CDATA[[TestResult name=Test_BookFlight_4 status=SUCCESS method=BookFlight2.Test_BookFlight_4(java.lang.String,java.lang.String,java.lang.String,java.lang.String,java.lang.String,java.lang.String,java.lang.String,java.lang.String,java.lang.String,java.lang.String,java.lang.String,java.lang.String,java.lang.String,java.lang.String,java.lang.String,java.lang.String,java.lang.String)[pri:0, instance:com.automation.tests.BookFlight2@57c758ac] output={null}]]]>
              </value>
            </param>
          </params>
          <reporter-output>
          </reporter-output>
        </test-method> <!-- CloseBrowser -->
        <test-method is-config="true" signature="GenerateReport()[pri:0, instance:com.automation.tests.BookFlight2@57c758ac]" started-at="2022-05-31T05:42:37 IST" name="GenerateReport" finished-at="2022-05-31T05:42:37 IST" duration-ms="245" status="PASS">
          <reporter-output>
          </reporter-output>
        </test-method> <!-- GenerateReport -->
      </class> <!-- com.automation.tests.BookFlight2 -->
      <class name="com.automation.tests.BookFlight">
        <test-method is-config="true" signature="Initialize()[pri:0, instance:com.automation.tests.BookFlight@63355449]" started-at="2022-05-31T05:42:09 IST" name="Initialize" finished-at="2022-05-31T05:42:12 IST" duration-ms="2633" status="PASS">
          <reporter-output>
          </reporter-output>
        </test-method> <!-- Initialize -->
        <test-method signature="Test_BookFlight_1(java.lang.String,java.lang.String,java.lang.String,java.lang.String,java.lang.String,java.lang.String,java.lang.String,java.lang.String,java.lang.String,java.lang.String,java.lang.String,java.lang.String,java.lang.String,java.lang.String,java.lang.String,java.lang.String,java.lang.String)[pri:0, instance:com.automation.tests.BookFlight@63355449]" started-at="2022-05-31T05:42:12 IST" name="Test_BookFlight_1" data-provider="DP_Bookflight" finished-at="2022-05-31T05:42:23 IST" duration-ms="11071" status="PASS">
          <params>
            <param index="0">
              <value>
                <![CDATA[Test_BookFlight_1]]>
              </value>
            </param>
            <param index="1">
              <value>
                <![CDATA[Test_BookFlight_1]]>
              </value>
            </param>
            <param index="2">
              <value>
                <![CDATA[1]]>
              </value>
            </param>
            <param index="3">
              <value>
                <![CDATA[Boston]]>
              </value>
            </param>
            <param index="4">
              <value>
                <![CDATA[Cairo]]>
              </value>
            </param>
            <param index="5">
              <value>
                <![CDATA[Airline]]>
              </value>
            </param>
            <param index="6">
              <value>
                <![CDATA[Aer Lingus]]>
              </value>
            </param>
            <param index="7">
              <value>
                <![CDATA[Test]]>
              </value>
            </param>
            <param index="8">
              <value>
                <![CDATA[Test]]>
              </value>
            </param>
            <param index="9">
              <value>
                <![CDATA[Test]]>
              </value>
            </param>
            <param index="10">
              <value>
                <![CDATA[Test]]>
              </value>
            </param>
            <param index="11">
              <value>
                <![CDATA[411001.0]]>
              </value>
            </param>
            <param index="12">
              <value>
                <![CDATA[Visa]]>
              </value>
            </param>
            <param index="13">
              <value>
                <![CDATA[1234123412341230]]>
              </value>
            </param>
            <param index="14">
              <value>
                <![CDATA[12.0]]>
              </value>
            </param>
            <param index="15">
              <value>
                <![CDATA[2022.0]]>
              </value>
            </param>
            <param index="16">
              <value>
                <![CDATA[Test]]>
              </value>
            </param>
          </params>
          <reporter-output>
          </reporter-output>
        </test-method> <!-- Test_BookFlight_1 -->
        <test-method is-config="true" signature="CloseBrowser(org.testng.ITestResult)[pri:0, instance:com.automation.tests.BookFlight@63355449]" started-at="2022-05-31T05:42:23 IST" name="CloseBrowser" finished-at="2022-05-31T05:42:23 IST" duration-ms="82" status="PASS">
          <params>
            <param index="0">
              <value>
                <![CDATA[[TestResult name=Test_BookFlight_1 status=SUCCESS method=BookFlight.Test_BookFlight_1(java.lang.String,java.lang.String,java.lang.String,java.lang.String,java.lang.String,java.lang.String,java.lang.String,java.lang.String,java.lang.String,java.lang.String,java.lang.String,java.lang.String,java.lang.String,java.lang.String,java.lang.String,java.lang.String,java.lang.String)[pri:0, instance:com.automation.tests.BookFlight@63355449] output={null}]]]>
              </value>
            </param>
          </params>
          <reporter-output>
          </reporter-output>
        </test-method> <!-- CloseBrowser -->
        <test-method is-config="true" signature="Initialize()[pri:0, instance:com.automation.tests.BookFlight@63355449]" started-at="2022-05-31T05:42:23 IST" name="Initialize" finished-at="2022-05-31T05:42:26 IST" duration-ms="2579" status="PASS">
          <reporter-output>
          </reporter-output>
        </test-method> <!-- Initialize -->
        <test-method signature="Test_BookFlight_2(java.lang.String,java.lang.String,java.lang.String,java.lang.String,java.lang.String,java.lang.String,java.lang.String,java.lang.String,java.lang.String,java.lang.String,java.lang.String,java.lang.String,java.lang.String,java.lang.String,java.lang.String,java.lang.String,java.lang.String)[pri:0, instance:com.automation.tests.BookFlight@63355449]" started-at="2022-05-31T05:42:26 IST" name="Test_BookFlight_2" data-provider="DP_Bookflight2" finished-at="2022-05-31T05:42:37 IST" duration-ms="11159" status="PASS">
          <params>
            <param index="0">
              <value>
                <![CDATA[Test_BookFlight_2]]>
              </value>
            </param>
            <param index="1">
              <value>
                <![CDATA[Test_BookFlight_2]]>
              </value>
            </param>
            <param index="2">
              <value>
                <![CDATA[1]]>
              </value>
            </param>
            <param index="3">
              <value>
                <![CDATA[Boston]]>
              </value>
            </param>
            <param index="4">
              <value>
                <![CDATA[Cairo]]>
              </value>
            </param>
            <param index="5">
              <value>
                <![CDATA[Airline]]>
              </value>
            </param>
            <param index="6">
              <value>
                <![CDATA[Aer Lingus]]>
              </value>
            </param>
            <param index="7">
              <value>
                <![CDATA[Test]]>
              </value>
            </param>
            <param index="8">
              <value>
                <![CDATA[Test]]>
              </value>
            </param>
            <param index="9">
              <value>
                <![CDATA[Test]]>
              </value>
            </param>
            <param index="10">
              <value>
                <![CDATA[Test]]>
              </value>
            </param>
            <param index="11">
              <value>
                <![CDATA[411001.0]]>
              </value>
            </param>
            <param index="12">
              <value>
                <![CDATA[Visa]]>
              </value>
            </param>
            <param index="13">
              <value>
                <![CDATA[1234123412341230]]>
              </value>
            </param>
            <param index="14">
              <value>
                <![CDATA[12.0]]>
              </value>
            </param>
            <param index="15">
              <value>
                <![CDATA[2022.0]]>
              </value>
            </param>
            <param index="16">
              <value>
                <![CDATA[Test]]>
              </value>
            </param>
          </params>
          <reporter-output>
          </reporter-output>
        </test-method> <!-- Test_BookFlight_2 -->
        <test-method is-config="true" signature="CloseBrowser(org.testng.ITestResult)[pri:0, instance:com.automation.tests.BookFlight@63355449]" started-at="2022-05-31T05:42:37 IST" name="CloseBrowser" finished-at="2022-05-31T05:42:37 IST" duration-ms="77" status="PASS">
          <params>
            <param index="0">
              <value>
                <![CDATA[[TestResult name=Test_BookFlight_2 status=SUCCESS method=BookFlight.Test_BookFlight_2(java.lang.String,java.lang.String,java.lang.String,java.lang.String,java.lang.String,java.lang.String,java.lang.String,java.lang.String,java.lang.String,java.lang.String,java.lang.String,java.lang.String,java.lang.String,java.lang.String,java.lang.String,java.lang.String,java.lang.String)[pri:0, instance:com.automation.tests.BookFlight@63355449] output={null}]]]>
              </value>
            </param>
          </params>
          <reporter-output>
          </reporter-output>
        </test-method> <!-- CloseBrowser -->
      </class> <!-- com.automation.tests.BookFlight -->
    </test> <!-- Test -->
  </suite> <!-- Suite -->
</testng-results>
